C51 COMPILER V9.00   DELAY                                                                 12/13/2021 09:27:21 PAGE 1   


C51 COMPILER V9.00, COMPILATION OF MODULE DELAY
OBJECT MODULE PLACED IN Delay.OBJ
COMPILER INVOKED BY: C:\Keil\C51\BIN\C51.EXE Delay.c BROWSE DEBUG OBJECTEXTEND

line level    source

   1          #include "delay.h"
   2          //—” ±≥Ã–Ú
   3          void Delay_200ms(void)
   4          {
   5   1              unsigned char i,j,k;
   6   1              _nop_();
   7   1              _nop_();
   8   1              i=10;
   9   1              j=31;
  10   1              k=147;
  11   1              do{
  12   2                      do{
  13   3                              while(--k);
  14   3                      }while(--j);
  15   2              }while(--i);
  16   1      }
  17          
  18          void Delay_Nms(unsigned int n_ms)
  19          {
  20   1              unsigned char i,j;
  21   1              while(n_ms--){
  22   2                      i=12;
  23   2                      j=169;
  24   2                      do{
  25   3                              while(--j);
  26   3                      }while(--i);
  27   2              }
  28   1      }
  29          
  30          void Delay500us()
  31          {
  32   1              unsigned char i,j;
  33   1              i=6;
  34   1              j=211;
  35   1              do{
  36   2                      while(--j);
  37   2              }while(--i);
  38   1      }
  39          
  40          void Delay50us()
  41          {
  42   1              unsigned char i,j;
  43   1              i=1;
  44   1              j=146;
  45   1              do{
  46   2                      while(--j);
  47   2              }while(--i);
  48   1      }
  49          
  50          void Delay3us()
  51          {
  52   1              unsigned char i;
  53   1              _nop_();
  54   1              _nop_();
  55   1              i=6;
C51 COMPILER V9.00   DELAY                                                                 12/13/2021 09:27:21 PAGE 2   

  56   1              while(--i);
  57   1      }
  58          
  59          void Delay30us()
  60          {
  61   1              unsigned char i;
  62   1              _nop_();
  63   1              _nop_();
  64   1              i=87;
  65   1              while(--i);
  66   1      }
  67          
  68          void Delay10us()
  69          {
  70   1              unsigned char i;
  71   1              _nop_();
  72   1              _nop_();
  73   1              i=27;
  74   1              while(--i);
  75   1      }
  76          
  77          void Delay900us()
  78          {
  79   1              unsigned char i,j;
  80   1              i=11;
  81   1              j=126;
  82   1              do{
  83   2                      while(--j);
  84   2              }while(--i);
  85   1      }
  86          
  87          void Delay1ms()
  88          {
  89   1              unsigned char i,j;
  90   1              i=12;
  91   1              j=169;
  92   1              do{
  93   2                      while(--j);
  94   2              }while(--i);
  95   1      }
  96          
  97          void Delay4500us()
  98          {
  99   1              unsigned char i,j;
 100   1              i=53;
 101   1              j=132;
 102   1              do{
 103   2                      while(--j);
 104   2              }while(--i);
 105   1      }
 106          
 107          void Delay600us()
 108          {
 109   1              unsigned char i,j;
 110   1              i=7;
 111   1              j=254;
 112   1              do{
 113   2                      while(--j);
 114   2              }while(--i);
 115   1      }


C51 COMPILER V9.00   DELAY                                                                 12/13/2021 09:27:21 PAGE 3   

MODULE INFORMATION:   STATIC OVERLAYABLE
   CODE SIZE        =    111    ----
   CONSTANT SIZE    =   ----    ----
   XDATA SIZE       =   ----    ----
   PDATA SIZE       =   ----    ----
   DATA SIZE        =   ----    ----
   IDATA SIZE       =   ----    ----
   BIT SIZE         =   ----    ----
END OF MODULE INFORMATION.


C51 COMPILATION COMPLETE.  0 WARNING(S),  0 ERROR(S)
