C51 COMPILER V9.00   INFRARED                                                              12/13/2021 09:27:21 PAGE 1   


C51 COMPILER V9.00, COMPILATION OF MODULE INFRARED
OBJECT MODULE PLACED IN infrared.OBJ
COMPILER INVOKED BY: C:\Keil\C51\BIN\C51.EXE infrared.c BROWSE DEBUG OBJECTEXTEND

line level    source

   1          #include "infrared.h"
   2          
   3          u8 trace_state = 0;
   4          
   5          void IR_Init(void)      //初始化红外循迹模块
   6          {
   7   1              P4M0 = 0;
   8   1              P4M1 = 0;
   9   1              EA = 1;
  10   1      }
  11          
  12          u8 Get_Trace_State(void)  //D0为高表示亮，为低表示暗
  13          {
  14   1              trace_state = P41;
  15   1              return trace_state;
  16   1      }


MODULE INFORMATION:   STATIC OVERLAYABLE
   CODE SIZE        =     16    ----
   CONSTANT SIZE    =   ----    ----
   XDATA SIZE       =   ----    ----
   PDATA SIZE       =   ----    ----
   DATA SIZE        =      1    ----
   IDATA SIZE       =   ----    ----
   BIT SIZE         =   ----    ----
END OF MODULE INFORMATION.


C51 COMPILATION COMPLETE.  0 WARNING(S),  0 ERROR(S)
