C51 COMPILER V9.00   LCD12864                                                              12/13/2021 09:27:21 PAGE 1   


C51 COMPILER V9.00, COMPILATION OF MODULE LCD12864
OBJECT MODULE PLACED IN LCD12864.OBJ
COMPILER INVOKED BY: C:\Keil\C51\BIN\C51.EXE LCD12864.c BROWSE DEBUG OBJECTEXTEND

line level    source

   1          #include <STC15W4K58S4.H>
   2          #include "Delay.h"
   3          #include "uart.h"
   4          #include "LCD12864.h"
   5          #include "motor.h"
   6          #include "sonic.h"
   7          #include "infrared.h"
   8          
   9          //******************************************
  10          //写数据
  11          void LCD12864_WriteData(unsigned char dat)
  12          {
  13   1              LCD12864_ReadStatus();          //检测忙 
  14   1              LCD_RS = 1;                                                             //写的时序              
  15   1              LCD_RW = 0;
  16   1              LCD_Data = dat;
  17   1      
  18   1              Delay_Nms(10);
  19   1              LCD_EN = 1;
  20   1              Delay_Nms(10);
  21   1              LCD_EN = 0;
  22   1      }
  23          
  24          //写指令
  25          void LCD12864_WriteCmd(unsigned char dat,busy_flag) 
  26          {
  27   1              if (busy_flag) 
  28   1                      LCD12864_ReadStatus(); //检测忙 
  29   1              LCD_RS = 0;
  30   1              LCD_RW = 0; 
  31   1              LCD_Data = dat;
  32   1              Delay_Nms(10);
  33   1              LCD_EN = 1; 
  34   1              Delay_Nms(10);
  35   1              LCD_EN = 0;  
  36   1      }
  37          
  38          //读状态
  39          unsigned char LCD12864_ReadStatus(void)
  40          {
  41   1              LCD_Data = 0xFF; 
  42   1              LCD_RS = 0;
  43   1              LCD_RW = 1; 
  44   1              Delay_Nms(10);
  45   1              LCD_EN = 1;
  46   1              Delay_Nms(10);
  47   1              while (LCD_Data & Busy);//检测忙信号
  48   1              LCD_EN = 0;
  49   1              return(LCD_Data);
  50   1      }
  51          //LCD初始化
  52          void LCD12864_Init(void) 
  53          {
  54   1              LCD_PSB = 1;                                                     //并口
  55   1              Delay_Nms(10);
C51 COMPILER V9.00   LCD12864                                                              12/13/2021 09:27:21 PAGE 2   

  56   1              LCD_RST = 0;
  57   1              Delay_Nms(10);
  58   1              LCD_RST = 1;
  59   1              Delay_Nms(100);
  60   1              
  61   1              LCD12864_WriteCmd(0x30,1); //显示模式设置,开始要求每次检测忙信号
  62   1              LCD12864_WriteCmd(0x01,1); //显示清屏
  63   1              LCD12864_WriteCmd(0x06,1); // 显示光标移动设置
  64   1              LCD12864_WriteCmd(0x0C,1); // 显示开及光标设置
  65   1      }
  66          
  67          void LCD12864_Clear(void) //清屏
  68          {
  69   1              LCD12864_WriteCmd(0x01,1); //显示清屏
  70   1              LCD12864_WriteCmd(0x34,1); // 显示光标移动设置
  71   1              LCD12864_WriteCmd(0x30,1); // 显示开及光标设置
  72   1      }
  73          
  74          
  75          //按指定位置显示一串字符
  76          void LCD12864_DisplayString(unsigned char X, unsigned char Y, unsigned char code *dat)
  77          {
  78   1              unsigned char ListLength,X2;
  79   1              ListLength = 0;
  80   1              X2 = X;
  81   1              if(Y < 1)       Y=1;                                    //限制X不大于16
  82   1              if(Y > 4)       Y=4;                                    //Y小于4
  83   1              X &= 0x0F; 
  84   1              switch(Y)
  85   1              {
  86   2                      case 1: X2 |= 0X80;     break;  //根据行数来选择相应地址
  87   2                      case 2: X2 |= 0X90;     break;
  88   2                      case 3: X2 |= 0X88;     break;
  89   2                      case 4: X2 |= 0X98;     break;
  90   2              }
  91   1              LCD12864_WriteCmd(X2, 1);                       //发送地址码
  92   1              while (dat[ListLength] >= 0x20) //字符串结束
  93   1              {
  94   2                      if (X <= 0x0F) 
  95   2                      {
  96   3                              LCD12864_WriteData(dat[ListLength]); 
  97   3                              ListLength++;
  98   3                              X++;
  99   3                      }
 100   2              }
 101   1      }
 102          
 103          //图形显示122*32
 104          void LCD12864_DisplayImg (unsigned char code *dat)
 105          {
 106   1              unsigned char x,y,i;
 107   1              unsigned int tmp=0;
 108   1              for(i=0;i<9;)                                                                                            //分上下屏，起始地址不同
 109   1              {
 110   2                      for(x=0;x<32;x++)                                                                        //32行
 111   2                      {
 112   3                              LCD12864_WriteCmd(0x34,1);
 113   3                              LCD12864_WriteCmd((0x80+x),1);   //列地址
 114   3                              LCD12864_WriteCmd((0x80+i),1);   //行地址
 115   3                              LCD12864_WriteCmd(0x30,1);              
 116   3                              for(y=0;y<16;y++)       
 117   3                                      LCD12864_WriteData(dat[tmp+y]);//读取数据写入LCD
C51 COMPILER V9.00   LCD12864                                                              12/13/2021 09:27:21 PAGE 3   

 118   3                              tmp+=16;                
 119   3                      }
 120   2                      i+=8;
 121   2              }
 122   1              LCD12864_WriteCmd(0x36,1);                                              //扩充功能设定
 123   1              LCD12864_WriteCmd(0x30,1);
 124   1      }
 125          
 126          
 127          


MODULE INFORMATION:   STATIC OVERLAYABLE
   CODE SIZE        =    435    ----
   CONSTANT SIZE    =   ----    ----
   XDATA SIZE       =   ----    ----
   PDATA SIZE       =   ----    ----
   DATA SIZE        =   ----      13
   IDATA SIZE       =   ----    ----
   BIT SIZE         =   ----    ----
END OF MODULE INFORMATION.


C51 COMPILATION COMPLETE.  0 WARNING(S),  0 ERROR(S)
