C51 COMPILER V9.00   MAIN                                                                  12/13/2021 09:27:21 PAGE 1   


C51 COMPILER V9.00, COMPILATION OF MODULE MAIN
OBJECT MODULE PLACED IN main.OBJ
COMPILER INVOKED BY: C:\Keil\C51\BIN\C51.EXE main.c BROWSE DEBUG OBJECTEXTEND

line level    source

   1          #include <STC15W4K58S4.H>
   2          #include "Delay.h"
   3          #include "uart.h"
   4          #include "LCD12864.h"
   5          #include "motor.h"
   6          #include "sonic.h"
   7          #include "infrared.h"
   8          
   9          unsigned char code display1[] = {"智能小车"};
  10          unsigned char code display2[] = {"TM&BW&JC"};
  11          void main()
  12          {
  13   1              u16 sr_dis;
  14   1      
  15   1              //端口初始化，标准模式
  16   1          P5M0 = 0;
  17   1              P5M1 = 0;
  18   1          P0M0 = 0;
  19   1              P0M1 = 0;
  20   1          P1M0 = 0;
  21   1              P1M1 = 0;
  22   1          P2M0 = 0;
  23   1              P2M1 = 0;
  24   1      
  25   1          UART_Init();        //串口蓝牙占用P3.0 P3.1
  26   1              Delay_Nms(100);
  27   1              //电机PWM端口初始化
  28   1          MT_Init();          //电机占用P1.4-P1.7
  29   1              Delay_Nms(100);
  30   1              LCD12864_Init(); //LCM初始化
  31   1              //LCD显示
  32   1              LCD12864_Clear();
  33   1              LCD12864_DisplayString(0,1,display1);   //显示字库中的中文数字
  34   1              LCD12864_DisplayString(0,2,display2);           //显示字库中的中文数字
  35   1      
  36   1      //      Delay_Nms(10000);
  37   1      //      UART1_SendString("STATUS:Stop\n");
  38   1      
  39   1              //串口初始化
  40   1              Delay_Nms(100);
  41   1              //电机PWM端口初始化
  42   1        // MT_Init();         //电机占用P1.4-P1.7
  43   1              //超声波模块初始化
  44   1              SR_Init();              //超声波占用P3.4 P3.5
  45   1      //      IR_Init();              //循迹红外传感器，P4.1接D0，P4.2接A0（可能无用）
  46   1      
  47   1      
  48   1      
  49   1      
  50   1              //主循环
  51   1              while(1)
  52   1              {
  53   2                      //Delay_Nms(100);
  54   2                      //发送触发信号
  55   2                      Delay_Nms(1000);
C51 COMPILER V9.00   MAIN                                                                  12/13/2021 09:27:21 PAGE 2   

  56   2                      SR_SendTrig();   
  57   2                      //延时200ms
  58   2              //      Delay1ms();
  59   2                      Delay_200ms();
  60   2                      //获取当前超声波距离，单位 cm
  61   2                      sr_dis = SR_GetDis();
  62   2                      if(sr_dis <= 30)
  63   2                      {       //LCD12864_DisplayString(0,4,"ok");             //显示字库中的中文数字
  64   3                              UART1_SendString("STATUS:obstacle");
  65   3                              //MT_TurnRight();
  66   3                              MT_Handle_Obstacle();
  67   3                      }
  68   2                      else
  69   2                      {
  70   3                              MT_Handle_NoObstacle();
  71   3                      }
  72   2              }
  73   1      }


MODULE INFORMATION:   STATIC OVERLAYABLE
   CODE SIZE        =    119    ----
   CONSTANT SIZE    =     34    ----
   XDATA SIZE       =   ----    ----
   PDATA SIZE       =   ----    ----
   DATA SIZE        =   ----    ----
   IDATA SIZE       =   ----    ----
   BIT SIZE         =   ----    ----
END OF MODULE INFORMATION.


C51 COMPILATION COMPLETE.  0 WARNING(S),  0 ERROR(S)
